0.000000000000000000e+00
1.250000000000000026e-03
0.000000000000000000e+00
0.000000000000000000e+00
1.250000000000000026e-03
2.500000000000000052e-03
1.250000000000000026e-03
0.000000000000000000e+00
0.000000000000000000e+00
0.000000000000000000e+00
1.250000000000000026e-03
1.250000000000000026e-03
2.500000000000000052e-03
0.000000000000000000e+00
0.000000000000000000e+00
0.000000000000000000e+00
1.250000000000000026e-03
0.000000000000000000e+00
1.250000000000000026e-03
0.000000000000000000e+00
0.000000000000000000e+00
1.250000000000000026e-03
0.000000000000000000e+00
0.000000000000000000e+00
0.000000000000000000e+00
0.000000000000000000e+00
2.500000000000000052e-03
1.250000000000000026e-03
0.000000000000000000e+00
1.250000000000000026e-03
1.250000000000000026e-03
0.000000000000000000e+00
2.500000000000000052e-03
0.000000000000000000e+00
0.000000000000000000e+00
0.000000000000000000e+00
0.000000000000000000e+00
0.000000000000000000e+00
0.000000000000000000e+00
1.250000000000000026e-03
0.000000000000000000e+00
3.749999999999999861e-03
0.000000000000000000e+00
0.000000000000000000e+00
1.250000000000000026e-03
0.000000000000000000e+00
0.000000000000000000e+00
1.250000000000000026e-03
0.000000000000000000e+00
0.000000000000000000e+00
0.000000000000000000e+00
2.500000000000000052e-03
1.250000000000000026e-03
0.000000000000000000e+00
2.500000000000000052e-03
1.250000000000000026e-03
3.749999999999999861e-03
0.000000000000000000e+00
2.500000000000000052e-03
0.000000000000000000e+00
0.000000000000000000e+00
0.000000000000000000e+00
0.000000000000000000e+00
0.000000000000000000e+00
0.000000000000000000e+00
0.000000000000000000e+00
0.000000000000000000e+00
1.250000000000000026e-03
0.000000000000000000e+00
1.250000000000000026e-03
0.000000000000000000e+00
0.000000000000000000e+00
0.000000000000000000e+00
0.000000000000000000e+00
1.250000000000000026e-03
1.250000000000000026e-03
0.000000000000000000e+00
0.000000000000000000e+00
2.500000000000000052e-03
0.000000000000000000e+00
2.500000000000000052e-03
0.000000000000000000e+00
1.250000000000000026e-03
1.250000000000000026e-03
0.000000000000000000e+00
0.000000000000000000e+00
0.000000000000000000e+00
1.250000000000000026e-03
0.000000000000000000e+00
2.500000000000000052e-03
0.000000000000000000e+00
0.000000000000000000e+00
0.000000000000000000e+00
1.250000000000000026e-03
1.250000000000000026e-03
0.000000000000000000e+00
0.000000000000000000e+00
1.250000000000000026e-03
1.250000000000000026e-03
0.000000000000000000e+00
